# JRE version: OpenJDK Runtime Environment Temurin-21.0.10+7 (21.0.10+7) (build 21.0.10+7-LTS)
# Java VM: OpenJDK 64-Bit Server VM Temurin-21.0.10+7 (21.0.10+7-LTS, mixed mode, sharing, tiered, compressed oops, compressed class ptrs, parallel gc, windows-amd64)
GC Precious Log:
 CardTable entry size: 512
 CPUs: 8 total, 8 available
 Memory: 3406M
 Large Page Support: Disabled
 NUMA Support: Disabled
 Compressed Oops: Enabled (32-bit)
 Alignments: Space 512K, Generation 512K, Heap 2M
 Heap Min Capacity: 100M
 Heap Initial Capacity: 100M
 Heap Max Capacity: 2G
 Pre-touch: Disabled
 Parallel Workers: 8
Heap:
 PSYoungGen      total 22016K, used 10760K [0x00000000d5580000, 0x00000000d6d80000, 0x0000000100000000)
  eden space 21504K, 47% used [0x00000000d5580000,0x00000000d5f8a1b8,0x00000000d6a80000)
  from space 512K, 93% used [0x00000000d6a80000,0x00000000d6af8000,0x00000000d6b00000)
  to   space 1024K, 0% used [0x00000000d6c80000,0x00000000d6c80000,0x00000000d6d80000)
 ParOldGen       total 68608K, used 64820K [0x0000000080000000, 0x0000000084300000, 0x00000000d5580000)
  object space 68608K, 94% used [0x0000000080000000,0x0000000083f4d298,0x0000000084300000)
 Metaspace       used 52966K, committed 54336K, reserved 1114112K
  class space    used 5646K, committed 6208K, reserved 1048576K
GC Heap History (20 events):
Event: 16.396 GC heap before
{Heap before GC invocations=40 (full 2):
 PSYoungGen      total 23040K, used 22496K [0x00000000d5580000, 0x00000000d6e00000, 0x0000000100000000)
  eden space 22016K, 100% used [0x00000000d5580000,0x00000000d6b00000,0x00000000d6b00000)
  from space 1024K, 46% used [0x00000000d6c00000,0x00000000d6c78000,0x00000000d6d00000)
  to   space 512K, 0% used [0x00000000d6d80000,0x00000000d6d80000,0x00000000d6e00000)
 ParOldGen       total 68608K, used 59970K [0x0000000080000000, 0x0000000084300000, 0x00000000d5580000)
  object space 68608K, 87% used [0x0000000080000000,0x0000000083a90818,0x0000000084300000)
 Metaspace       used 52545K, committed 53952K, reserved 1114112K
  class space    used 5623K, committed 6208K, reserved 1048576K
}
Event: 16.398 GC heap after
{Heap after GC invocations=40 (full 2):
 PSYoungGen      total 22528K, used 489K [0x00000000d5580000, 0x00000000d6e00000, 0x0000000100000000)
  eden space 22016K, 0% used [0x00000000d5580000,0x00000000d5580000,0x00000000d6b00000)
  from space 512K, 95% used [0x00000000d6d80000,0x00000000d6dfa588,0x00000000d6e00000)
  to   space 1536K, 0% used [0x00000000d6b00000,0x00000000d6b00000,0x00000000d6c80000)
 ParOldGen       total 68608K, used 60752K [0x0000000080000000, 0x0000000084300000, 0x00000000d5580000)
  object space 68608K, 88% used [0x0000000080000000,0x0000000083b54308,0x0000000084300000)
 Metaspace       used 52545K, committed 53952K, reserved 1114112K
  class space    used 5623K, committed 6208K, reserved 1048576K
}
Event: 16.444 GC heap before
{Heap before GC invocations=41 (full 2):
 PSYoungGen      total 22528K, used 22505K [0x00000000d5580000, 0x00000000d6e00000, 0x0000000100000000)
  eden space 22016K, 100% used [0x00000000d5580000,0x00000000d6b00000,0x00000000d6b00000)
  from space 512K, 95% used [0x00000000d6d80000,0x00000000d6dfa588,0x00000000d6e00000)
  to   space 1536K, 0% used [0x00000000d6b00000,0x00000000d6b00000,0x00000000d6c80000)
 ParOldGen       total 68608K, used 60752K [0x0000000080000000, 0x0000000084300000, 0x00000000d5580000)
  object space 68608K, 88% used [0x0000000080000000,0x0000000083b54308,0x0000000084300000)
 Metaspace       used 52555K, committed 53952K, reserved 1114112K
  class space    used 5623K, committed 6208K, reserved 1048576K
}
Event: 16.445 GC heap after
{Heap after GC invocations=41 (full 2):
 PSYoungGen      total 23552K, used 309K [0x00000000d5580000, 0x00000000d6e00000, 0x0000000100000000)
  eden space 22016K, 0% used [0x00000000d5580000,0x00000000d5580000,0x00000000d6b00000)
  from space 1536K, 20% used [0x00000000d6b00000,0x00000000d6b4d628,0x00000000d6c80000)
  to   space 1024K, 0% used [0x00000000d6d00000,0x00000000d6d00000,0x00000000d6e00000)
 ParOldGen       total 68608K, used 61040K [0x0000000080000000, 0x0000000084300000, 0x00000000d5580000)
  object space 68608K, 88% used [0x0000000080000000,0x0000000083b9c308,0x0000000084300000)
 Metaspace       used 52555K, committed 53952K, reserved 1114112K
  class space    used 5623K, committed 6208K, reserved 1048576K
}
Event: 16.498 GC heap before
{Heap before GC invocations=42 (full 2):
 PSYoungGen      total 23552K, used 22325K [0x00000000d5580000, 0x00000000d6e00000, 0x0000000100000000)
  eden space 22016K, 100% used [0x00000000d5580000,0x00000000d6b00000,0x00000000d6b00000)
  from space 1536K, 20% used [0x00000000d6b00000,0x00000000d6b4d628,0x00000000d6c80000)
  to   space 1024K, 0% used [0x00000000d6d00000,0x00000000d6d00000,0x00000000d6e00000)
 ParOldGen       total 68608K, used 61040K [0x0000000080000000, 0x0000000084300000, 0x00000000d5580000)
  object space 68608K, 88% used [0x0000000080000000,0x0000000083b9c308,0x0000000084300000)
 Metaspace       used 52592K, committed 54016K, reserved 1114112K
  class space    used 5623K, committed 6208K, reserved 1048576K
}
Event: 16.500 GC heap after
{Heap after GC invocations=42 (full 2):
 PSYoungGen      total 23040K, used 573K [0x00000000d5580000, 0x00000000d6e00000, 0x0000000100000000)
  eden space 22016K, 0% used [0x00000000d5580000,0x00000000d5580000,0x00000000d6b00000)
  from space 1024K, 55% used [0x00000000d6d00000,0x00000000d6d8f468,0x00000000d6e00000)
  to   space 1024K, 0% used [0x00000000d6c00000,0x00000000d6c00000,0x00000000d6d00000)
 ParOldGen       total 68608K, used 61112K [0x0000000080000000, 0x0000000084300000, 0x00000000d5580000)
  object space 68608K, 89% used [0x0000000080000000,0x0000000083bae308,0x0000000084300000)
 Metaspace       used 52592K, committed 54016K, reserved 1114112K
  class space    used 5623K, committed 6208K, reserved 1048576K
}
Event: 16.547 GC heap before
{Heap before GC invocations=43 (full 2):
 PSYoungGen      total 23040K, used 22589K [0x00000000d5580000, 0x00000000d6e00000, 0x0000000100000000)
  eden space 22016K, 100% used [0x00000000d5580000,0x00000000d6b00000,0x00000000d6b00000)
  from space 1024K, 55% used [0x00000000d6d00000,0x00000000d6d8f468,0x00000000d6e00000)
  to   space 1024K, 0% used [0x00000000d6c00000,0x00000000d6c00000,0x00000000d6d00000)
 ParOldGen       total 68608K, used 61112K [0x0000000080000000, 0x0000000084300000, 0x00000000d5580000)
  object space 68608K, 89% used [0x0000000080000000,0x0000000083bae308,0x0000000084300000)
 Metaspace       used 52609K, committed 54016K, reserved 1114112K
  class space    used 5624K, committed 6208K, reserved 1048576K
}
Event: 16.549 GC heap after
{Heap after GC invocations=43 (full 2):
 PSYoungGen      total 23040K, used 392K [0x00000000d5580000, 0x00000000d6d80000, 0x0000000100000000)
  eden space 22016K, 0% used [0x00000000d5580000,0x00000000d5580000,0x00000000d6b00000)
  from space 1024K, 38% used [0x00000000d6c00000,0x00000000d6c62388,0x00000000d6d00000)
  to   space 512K, 0% used [0x00000000d6d00000,0x00000000d6d00000,0x00000000d6d80000)
 ParOldGen       total 68608K, used 61232K [0x0000000080000000, 0x0000000084300000, 0x00000000d5580000)
  object space 68608K, 89% used [0x0000000080000000,0x0000000083bcc308,0x0000000084300000)
 Metaspace       used 52609K, committed 54016K, reserved 1114112K
  class space    used 5624K, committed 6208K, reserved 1048576K
}
Event: 16.592 GC heap before
{Heap before GC invocations=44 (full 2):
 PSYoungGen      total 23040K, used 21759K [0x00000000d5580000, 0x00000000d6d80000, 0x0000000100000000)
  eden space 22016K, 97% used [0x00000000d5580000,0x00000000d6a5d978,0x00000000d6b00000)
  from space 1024K, 38% used [0x00000000d6c00000,0x00000000d6c62388,0x00000000d6d00000)
  to   space 512K, 0% used [0x00000000d6d00000,0x00000000d6d00000,0x00000000d6d80000)
 ParOldGen       total 68608K, used 61232K [0x0000000080000000, 0x0000000084300000, 0x00000000d5580000)
  object space 68608K, 89% used [0x0000000080000000,0x0000000083bcc308,0x0000000084300000)
 Metaspace       used 52613K, committed 54016K, reserved 1114112K
  class space    used 5624K, committed 6208K, reserved 1048576K
}
Event: 16.593 GC heap after
{Heap after GC invocations=44 (full 2):
 PSYoungGen      total 22528K, used 288K [0x00000000d5580000, 0x00000000d6d80000, 0x0000000100000000)
  eden space 22016K, 0% used [0x00000000d5580000,0x00000000d5580000,0x00000000d6b00000)
  from space 512K, 56% used [0x00000000d6d00000,0x00000000d6d48000,0x00000000d6d80000)
  to   space 512K, 0% used [0x00000000d6c80000,0x00000000d6c80000,0x00000000d6d00000)
 ParOldGen       total 68608K, used 61312K [0x0000000080000000, 0x0000000084300000, 0x00000000d5580000)
  object space 68608K, 89% used [0x0000000080000000,0x0000000083be0308,0x0000000084300000)
 Metaspace       used 52613K, committed 54016K, reserved 1114112K
  class space    used 5624K, committed 6208K, reserved 1048576K
}
Event: 16.617 GC heap before
{Heap before GC invocations=45 (full 2):
 PSYoungGen      total 22528K, used 22304K [0x00000000d5580000, 0x00000000d6d80000, 0x0000000100000000)
  eden space 22016K, 100% used [0x00000000d5580000,0x00000000d6b00000,0x00000000d6b00000)
  from space 512K, 56% used [0x00000000d6d00000,0x00000000d6d48000,0x00000000d6d80000)
  to   space 512K, 0% used [0x00000000d6c80000,0x00000000d6c80000,0x00000000d6d00000)
 ParOldGen       total 68608K, used 61312K [0x0000000080000000, 0x0000000084300000, 0x00000000d5580000)
  object space 68608K, 89% used [0x0000000080000000,0x0000000083be0308,0x0000000084300000)
 Metaspace       used 52613K, committed 54016K, reserved 1114112K
  class space    used 5624K, committed 6208K, reserved 1048576K
}
Event: 16.619 GC heap after
{Heap after GC invocations=45 (full 2):
 PSYoungGen      total 22528K, used 487K [0x00000000d5580000, 0x00000000d7000000, 0x0000000100000000)
  eden space 22016K, 0% used [0x00000000d5580000,0x00000000d5580000,0x00000000d6b00000)
  from space 512K, 95% used [0x00000000d6c80000,0x00000000d6cf9c68,0x00000000d6d00000)
  to   space 2560K, 0% used [0x00000000d6d80000,0x00000000d6d80000,0x00000000d7000000)
 ParOldGen       total 68608K, used 62873K [0x0000000080000000, 0x0000000084300000, 0x00000000d5580000)
  object space 68608K, 91% used [0x0000000080000000,0x0000000083d66410,0x0000000084300000)
 Metaspace       used 52613K, committed 54016K, reserved 1114112K
  class space    used 5624K, committed 6208K, reserved 1048576K
}
Event: 16.662 GC heap before
{Heap before GC invocations=46 (full 2):
 PSYoungGen      total 22528K, used 22503K [0x00000000d5580000, 0x00000000d7000000, 0x0000000100000000)
  eden space 22016K, 100% used [0x00000000d5580000,0x00000000d6b00000,0x00000000d6b00000)
  from space 512K, 95% used [0x00000000d6c80000,0x00000000d6cf9c68,0x00000000d6d00000)
  to   space 2560K, 0% used [0x00000000d6d80000,0x00000000d6d80000,0x00000000d7000000)
 ParOldGen       total 68608K, used 62873K [0x0000000080000000, 0x0000000084300000, 0x00000000d5580000)
  object space 68608K, 91% used [0x0000000080000000,0x0000000083d66410,0x0000000084300000)
 Metaspace       used 52613K, committed 54016K, reserved 1114112K
  class space    used 5624K, committed 6208K, reserved 1048576K
}
Event: 16.663 GC heap after
{Heap after GC invocations=46 (full 2):
 PSYoungGen      total 23040K, used 576K [0x00000000d5580000, 0x00000000d6e80000, 0x0000000100000000)
  eden space 22016K, 0% used [0x00000000d5580000,0x00000000d5580000,0x00000000d6b00000)
  from space 1024K, 56% used [0x00000000d6d80000,0x00000000d6e10000,0x00000000d6e80000)
  to   space 1536K, 0% used [0x00000000d6b80000,0x00000000d6b80000,0x00000000d6d00000)
 ParOldGen       total 68608K, used 63297K [0x0000000080000000, 0x0000000084300000, 0x00000000d5580000)
  object space 68608K, 92% used [0x0000000080000000,0x0000000083dd0420,0x0000000084300000)
 Metaspace       used 52613K, committed 54016K, reserved 1114112K
  class space    used 5624K, committed 6208K, reserved 1048576K
}
Event: 16.761 GC heap before
{Heap before GC invocations=47 (full 2):
 PSYoungGen      total 23040K, used 22592K [0x00000000d5580000, 0x00000000d6e80000, 0x0000000100000000)
  eden space 22016K, 100% used [0x00000000d5580000,0x00000000d6b00000,0x00000000d6b00000)
  from space 1024K, 56% used [0x00000000d6d80000,0x00000000d6e10000,0x00000000d6e80000)
  to   space 1536K, 0% used [0x00000000d6b80000,0x00000000d6b80000,0x00000000d6d00000)
 ParOldGen       total 68608K, used 63297K [0x0000000080000000, 0x0000000084300000, 0x00000000d5580000)
  object space 68608K, 92% used [0x0000000080000000,0x0000000083dd0420,0x0000000084300000)
 Metaspace       used 52737K, committed 54144K, reserved 1114112K
  class space    used 5637K, committed 6208K, reserved 1048576K
}
Event: 16.762 GC heap after
{Heap after GC invocations=47 (full 2):
 PSYoungGen      total 23552K, used 467K [0x00000000d5580000, 0x00000000d6e00000, 0x0000000100000000)
  eden space 22016K, 0% used [0x00000000d5580000,0x00000000d5580000,0x00000000d6b00000)
  from space 1536K, 30% used [0x00000000d6b80000,0x00000000d6bf4e30,0x00000000d6d00000)
  to   space 1024K, 0% used [0x00000000d6d00000,0x00000000d6d00000,0x00000000d6e00000)
 ParOldGen       total 68608K, used 63673K [0x0000000080000000, 0x0000000084300000, 0x00000000d5580000)
  object space 68608K, 92% used [0x0000000080000000,0x0000000083e2e420,0x0000000084300000)
 Metaspace       used 52737K, committed 54144K, reserved 1114112K
  class space    used 5637K, committed 6208K, reserved 1048576K
}
Event: 16.804 GC heap before
{Heap before GC invocations=48 (full 2):
 PSYoungGen      total 23552K, used 22483K [0x00000000d5580000, 0x00000000d6e00000, 0x0000000100000000)
  eden space 22016K, 100% used [0x00000000d5580000,0x00000000d6b00000,0x00000000d6b00000)
  from space 1536K, 30% used [0x00000000d6b80000,0x00000000d6bf4e30,0x00000000d6d00000)
  to   space 1024K, 0% used [0x00000000d6d00000,0x00000000d6d00000,0x00000000d6e00000)
 ParOldGen       total 68608K, used 63673K [0x0000000080000000, 0x0000000084300000, 0x00000000d5580000)
  object space 68608K, 92% used [0x0000000080000000,0x0000000083e2e420,0x0000000084300000)
 Metaspace       used 52744K, committed 54144K, reserved 1114112K
  class space    used 5637K, committed 6208K, reserved 1048576K
}
Event: 16.806 GC heap after
{Heap after GC invocations=48 (full 2):
 PSYoungGen      total 22528K, used 1000K [0x00000000d5580000, 0x00000000d7000000, 0x0000000100000000)
  eden space 21504K, 0% used [0x00000000d5580000,0x00000000d5580000,0x00000000d6a80000)
  from space 1024K, 97% used [0x00000000d6d00000,0x00000000d6dfa108,0x00000000d6e00000)
  to   space 2560K, 0% used [0x00000000d6a80000,0x00000000d6a80000,0x00000000d6d00000)
 ParOldGen       total 68608K, used 64628K [0x0000000080000000, 0x0000000084300000, 0x00000000d5580000)
  object space 68608K, 94% used [0x0000000080000000,0x0000000083f1d288,0x0000000084300000)
 Metaspace       used 52744K, committed 54144K, reserved 1114112K
  class space    used 5637K, committed 6208K, reserved 1048576K
}
Event: 16.859 GC heap before
{Heap before GC invocations=49 (full 2):
 PSYoungGen      total 22528K, used 22387K [0x00000000d5580000, 0x00000000d7000000, 0x0000000100000000)
  eden space 21504K, 99% used [0x00000000d5580000,0x00000000d6a62c60,0x00000000d6a80000)
  from space 1024K, 97% used [0x00000000d6d00000,0x00000000d6dfa108,0x00000000d6e00000)
  to   space 2560K, 0% used [0x00000000d6a80000,0x00000000d6a80000,0x00000000d6d00000)
 ParOldGen       total 68608K, used 64628K [0x0000000080000000, 0x0000000084300000, 0x00000000d5580000)
  object space 68608K, 94% used [0x0000000080000000,0x0000000083f1d288,0x0000000084300000)
 Metaspace       used 52759K, committed 54144K, reserved 1114112K
  class space    used 5637K, committed 6208K, reserved 1048576K
}
Event: 16.860 GC heap after
{Heap after GC invocations=49 (full 2):
 PSYoungGen      total 22016K, used 480K [0x00000000d5580000, 0x00000000d6d80000, 0x0000000100000000)
  eden space 21504K, 0% used [0x00000000d5580000,0x00000000d5580000,0x00000000d6a80000)
  from space 512K, 93% used [0x00000000d6a80000,0x00000000d6af8000,0x00000000d6b00000)
  to   space 1024K, 0% used [0x00000000d6c80000,0x00000000d6c80000,0x00000000d6d80000)
 ParOldGen       total 68608K, used 64820K [0x0000000080000000, 0x0000000084300000, 0x00000000d5580000)
  object space 68608K, 94% used [0x0000000080000000,0x0000000083f4d298,0x0000000084300000)
 Metaspace       used 52759K, committed 54144K, reserved 1114112K
  class space    used 5637K, committed 6208K, reserved 1048576K
}

