# JRE version: OpenJDK Runtime Environment Temurin-21.0.10+7 (21.0.10+7) (build 21.0.10+7-LTS)
# Java VM: OpenJDK 64-Bit Server VM Temurin-21.0.10+7 (21.0.10+7-LTS, mixed mode, sharing, tiered, compressed oops, compressed class ptrs, parallel gc, windows-amd64)
GC Precious Log:
 CardTable entry size: 512
 CPUs: 8 total, 8 available
 Memory: 3406M
 Large Page Support: Disabled
 NUMA Support: Disabled
 Compressed Oops: Enabled (32-bit)
 Alignments: Space 512K, Generation 512K, Heap 2M
 Heap Min Capacity: 100M
 Heap Initial Capacity: 100M
 Heap Max Capacity: 2G
 Pre-touch: Disabled
 Parallel Workers: 8
Heap:
 PSYoungGen      total 1536K, used 433K [0x00000000d5580000, 0x00000000d5780000, 0x0000000100000000)
  eden space 1024K, 20% used [0x00000000d5580000,0x00000000d55b44a0,0x00000000d5680000)
  from space 512K, 43% used [0x00000000d5700000,0x00000000d5738000,0x00000000d5780000)
  to   space 512K, 0% used [0x00000000d5680000,0x00000000d5680000,0x00000000d5700000)
 ParOldGen       total 764928K, used 764062K [0x0000000080000000, 0x00000000aeb00000, 0x00000000d5580000)
  object space 764928K, 99% used [0x0000000080000000,0x00000000aea27b00,0x00000000aeb00000)
 Metaspace       used 78205K, committed 80000K, reserved 1179648K
  class space    used 8327K, committed 9152K, reserved 1048576K
GC Heap History (20 events):
Event: 1182.878 GC heap before
{Heap before GC invocations=454 (full 3):
 PSYoungGen      total 1536K, used 1120K [0x00000000d5580000, 0x00000000d5800000, 0x0000000100000000)
  eden space 512K, 100% used [0x00000000d5580000,0x00000000d5600000,0x00000000d5600000)
  from space 1024K, 59% used [0x00000000d5700000,0x00000000d5798000,0x00000000d5800000)
  to   space 1024K, 0% used [0x00000000d5600000,0x00000000d5600000,0x00000000d5700000)
 ParOldGen       total 730112K, used 729898K [0x0000000080000000, 0x00000000ac900000, 0x00000000d5580000)
  object space 730112K, 99% used [0x0000000080000000,0x00000000ac8caad0,0x00000000ac900000)
 Metaspace       used 78196K, committed 80000K, reserved 1179648K
  class space    used 8327K, committed 9152K, reserved 1048576K
}
Event: 1182.881 GC heap after
{Heap after GC invocations=454 (full 3):
 PSYoungGen      total 1536K, used 576K [0x00000000d5580000, 0x00000000d5800000, 0x0000000100000000)
  eden space 512K, 0% used [0x00000000d5580000,0x00000000d5580000,0x00000000d5600000)
  from space 1024K, 56% used [0x00000000d5600000,0x00000000d5690000,0x00000000d5700000)
  to   space 1024K, 0% used [0x00000000d5700000,0x00000000d5700000,0x00000000d5800000)
 ParOldGen       total 730624K, used 730418K [0x0000000080000000, 0x00000000ac980000, 0x00000000d5580000)
  object space 730624K, 99% used [0x0000000080000000,0x00000000ac94cad0,0x00000000ac980000)
 Metaspace       used 78196K, committed 80000K, reserved 1179648K
  class space    used 8327K, committed 9152K, reserved 1048576K
}
Event: 1182.898 GC heap before
{Heap before GC invocations=455 (full 3):
 PSYoungGen      total 1536K, used 1020K [0x00000000d5580000, 0x00000000d5800000, 0x0000000100000000)
  eden space 512K, 86% used [0x00000000d5580000,0x00000000d55ef108,0x00000000d5600000)
  from space 1024K, 56% used [0x00000000d5600000,0x00000000d5690000,0x00000000d5700000)
  to   space 1024K, 0% used [0x00000000d5700000,0x00000000d5700000,0x00000000d5800000)
 ParOldGen       total 730624K, used 730418K [0x0000000080000000, 0x00000000ac980000, 0x00000000d5580000)
  object space 730624K, 99% used [0x0000000080000000,0x00000000ac94cad0,0x00000000ac980000)
 Metaspace       used 78196K, committed 80000K, reserved 1179648K
  class space    used 8327K, committed 9152K, reserved 1048576K
}
Event: 1182.902 GC heap after
{Heap after GC invocations=455 (full 3):
 PSYoungGen      total 1536K, used 488K [0x00000000d5580000, 0x00000000d5800000, 0x0000000100000000)
  eden space 512K, 0% used [0x00000000d5580000,0x00000000d5580000,0x00000000d5600000)
  from space 1024K, 47% used [0x00000000d5700000,0x00000000d577a000,0x00000000d5800000)
  to   space 1024K, 0% used [0x00000000d5600000,0x00000000d5600000,0x00000000d5700000)
 ParOldGen       total 731136K, used 730938K [0x0000000080000000, 0x00000000aca00000, 0x00000000d5580000)
  object space 731136K, 99% used [0x0000000080000000,0x00000000ac9cead0,0x00000000aca00000)
 Metaspace       used 78196K, committed 80000K, reserved 1179648K
  class space    used 8327K, committed 9152K, reserved 1048576K
}
Event: 1182.921 GC heap before
{Heap before GC invocations=456 (full 3):
 PSYoungGen      total 1536K, used 910K [0x00000000d5580000, 0x00000000d5800000, 0x0000000100000000)
  eden space 512K, 82% used [0x00000000d5580000,0x00000000d55e9850,0x00000000d5600000)
  from space 1024K, 47% used [0x00000000d5700000,0x00000000d577a000,0x00000000d5800000)
  to   space 1024K, 0% used [0x00000000d5600000,0x00000000d5600000,0x00000000d5700000)
 ParOldGen       total 731136K, used 730938K [0x0000000080000000, 0x00000000aca00000, 0x00000000d5580000)
  object space 731136K, 99% used [0x0000000080000000,0x00000000ac9cead0,0x00000000aca00000)
 Metaspace       used 78196K, committed 80000K, reserved 1179648K
  class space    used 8327K, committed 9152K, reserved 1048576K
}
Event: 1182.927 GC heap after
{Heap after GC invocations=456 (full 3):
 PSYoungGen      total 1536K, used 572K [0x00000000d5580000, 0x00000000d5800000, 0x0000000100000000)
  eden space 512K, 0% used [0x00000000d5580000,0x00000000d5580000,0x00000000d5600000)
  from space 1024K, 55% used [0x00000000d5600000,0x00000000d568f000,0x00000000d5700000)
  to   space 1024K, 0% used [0x00000000d5700000,0x00000000d5700000,0x00000000d5800000)
 ParOldGen       total 731648K, used 731214K [0x0000000080000000, 0x00000000aca80000, 0x00000000d5580000)
  object space 731648K, 99% used [0x0000000080000000,0x00000000aca13ad0,0x00000000aca80000)
 Metaspace       used 78196K, committed 80000K, reserved 1179648K
  class space    used 8327K, committed 9152K, reserved 1048576K
}
Event: 1182.957 GC heap before
{Heap before GC invocations=457 (full 3):
 PSYoungGen      total 1536K, used 1083K [0x00000000d5580000, 0x00000000d5800000, 0x0000000100000000)
  eden space 512K, 99% used [0x00000000d5580000,0x00000000d55ffff8,0x00000000d5600000)
  from space 1024K, 55% used [0x00000000d5600000,0x00000000d568f000,0x00000000d5700000)
  to   space 1024K, 0% used [0x00000000d5700000,0x00000000d5700000,0x00000000d5800000)
 ParOldGen       total 731648K, used 731214K [0x0000000080000000, 0x00000000aca80000, 0x00000000d5580000)
  object space 731648K, 99% used [0x0000000080000000,0x00000000aca13ad0,0x00000000aca80000)
 Metaspace       used 78196K, committed 80000K, reserved 1179648K
  class space    used 8327K, committed 9152K, reserved 1048576K
}
Event: 1182.962 GC heap after
{Heap after GC invocations=457 (full 3):
 PSYoungGen      total 1536K, used 616K [0x00000000d5580000, 0x00000000d5800000, 0x0000000100000000)
  eden space 512K, 0% used [0x00000000d5580000,0x00000000d5580000,0x00000000d5600000)
  from space 1024K, 60% used [0x00000000d5700000,0x00000000d579a000,0x00000000d5800000)
  to   space 1024K, 0% used [0x00000000d5600000,0x00000000d5600000,0x00000000d5700000)
 ParOldGen       total 731648K, used 731558K [0x0000000080000000, 0x00000000aca80000, 0x00000000d5580000)
  object space 731648K, 99% used [0x0000000080000000,0x00000000aca69ad0,0x00000000aca80000)
 Metaspace       used 78196K, committed 80000K, reserved 1179648K
  class space    used 8327K, committed 9152K, reserved 1048576K
}
Event: 1182.992 GC heap before
{Heap before GC invocations=458 (full 3):
 PSYoungGen      total 1536K, used 1128K [0x00000000d5580000, 0x00000000d5800000, 0x0000000100000000)
  eden space 512K, 100% used [0x00000000d5580000,0x00000000d5600000,0x00000000d5600000)
  from space 1024K, 60% used [0x00000000d5700000,0x00000000d579a000,0x00000000d5800000)
  to   space 1024K, 0% used [0x00000000d5600000,0x00000000d5600000,0x00000000d5700000)
 ParOldGen       total 732160K, used 731894K [0x0000000080000000, 0x00000000acb00000, 0x00000000d5580000)
  object space 732160K, 99% used [0x0000000080000000,0x00000000acabdad0,0x00000000acb00000)
 Metaspace       used 78196K, committed 80000K, reserved 1179648K
  class space    used 8327K, committed 9152K, reserved 1048576K
}
Event: 1182.998 GC heap after
{Heap after GC invocations=458 (full 3):
 PSYoungGen      total 1536K, used 592K [0x00000000d5580000, 0x00000000d5800000, 0x0000000100000000)
  eden space 512K, 0% used [0x00000000d5580000,0x00000000d5580000,0x00000000d5600000)
  from space 1024K, 57% used [0x00000000d5600000,0x00000000d5694000,0x00000000d5700000)
  to   space 1024K, 0% used [0x00000000d5700000,0x00000000d5700000,0x00000000d5800000)
 ParOldGen       total 732672K, used 732238K [0x0000000080000000, 0x00000000acb80000, 0x00000000d5580000)
  object space 732672K, 99% used [0x0000000080000000,0x00000000acb13ad0,0x00000000acb80000)
 Metaspace       used 78196K, committed 80000K, reserved 1179648K
  class space    used 8327K, committed 9152K, reserved 1048576K
}
Event: 1183.033 GC heap before
{Heap before GC invocations=459 (full 3):
 PSYoungGen      total 1536K, used 1103K [0x00000000d5580000, 0x00000000d5800000, 0x0000000100000000)
  eden space 512K, 99% used [0x00000000d5580000,0x00000000d55fffd0,0x00000000d5600000)
  from space 1024K, 57% used [0x00000000d5600000,0x00000000d5694000,0x00000000d5700000)
  to   space 1024K, 0% used [0x00000000d5700000,0x00000000d5700000,0x00000000d5800000)
 ParOldGen       total 732672K, used 732238K [0x0000000080000000, 0x00000000acb80000, 0x00000000d5580000)
  object space 732672K, 99% used [0x0000000080000000,0x00000000acb13ad0,0x00000000acb80000)
 Metaspace       used 78196K, committed 80000K, reserved 1179648K
  class space    used 8327K, committed 9152K, reserved 1048576K
}
Event: 1183.038 GC heap after
{Heap after GC invocations=459 (full 3):
 PSYoungGen      total 1536K, used 544K [0x00000000d5580000, 0x00000000d5800000, 0x0000000100000000)
  eden space 512K, 0% used [0x00000000d5580000,0x00000000d5580000,0x00000000d5600000)
  from space 1024K, 53% used [0x00000000d5700000,0x00000000d5788000,0x00000000d5800000)
  to   space 1024K, 0% used [0x00000000d5600000,0x00000000d5600000,0x00000000d5700000)
 ParOldGen       total 733184K, used 732726K [0x0000000080000000, 0x00000000acc00000, 0x00000000d5580000)
  object space 733184K, 99% used [0x0000000080000000,0x00000000acb8dad0,0x00000000acc00000)
 Metaspace       used 78196K, committed 80000K, reserved 1179648K
  class space    used 8327K, committed 9152K, reserved 1048576K
}
Event: 1183.122 GC heap before
{Heap before GC invocations=460 (full 3):
 PSYoungGen      total 1536K, used 1056K [0x00000000d5580000, 0x00000000d5800000, 0x0000000100000000)
  eden space 512K, 100% used [0x00000000d5580000,0x00000000d5600000,0x00000000d5600000)
  from space 1024K, 53% used [0x00000000d5700000,0x00000000d5788000,0x00000000d5800000)
  to   space 1024K, 0% used [0x00000000d5600000,0x00000000d5600000,0x00000000d5700000)
 ParOldGen       total 764928K, used 763446K [0x0000000080000000, 0x00000000aeb00000, 0x00000000d5580000)
  object space 764928K, 99% used [0x0000000080000000,0x00000000ae98db00,0x00000000aeb00000)
 Metaspace       used 78196K, committed 80000K, reserved 1179648K
  class space    used 8327K, committed 9152K, reserved 1048576K
}
Event: 1183.125 GC heap after
{Heap after GC invocations=460 (full 3):
 PSYoungGen      total 1536K, used 240K [0x00000000d5580000, 0x00000000d5780000, 0x0000000100000000)
  eden space 512K, 0% used [0x00000000d5580000,0x00000000d5580000,0x00000000d5600000)
  from space 1024K, 23% used [0x00000000d5600000,0x00000000d563c010,0x00000000d5700000)
  to   space 512K, 0% used [0x00000000d5700000,0x00000000d5700000,0x00000000d5780000)
 ParOldGen       total 764928K, used 763902K [0x0000000080000000, 0x00000000aeb00000, 0x00000000d5580000)
  object space 764928K, 99% used [0x0000000080000000,0x00000000ae9ffb00,0x00000000aeb00000)
 Metaspace       used 78196K, committed 80000K, reserved 1179648K
  class space    used 8327K, committed 9152K, reserved 1048576K
}
Event: 1183.157 GC heap before
{Heap before GC invocations=461 (full 3):
 PSYoungGen      total 1536K, used 752K [0x00000000d5580000, 0x00000000d5780000, 0x0000000100000000)
  eden space 512K, 100% used [0x00000000d5580000,0x00000000d5600000,0x00000000d5600000)
  from space 1024K, 23% used [0x00000000d5600000,0x00000000d563c010,0x00000000d5700000)
  to   space 512K, 0% used [0x00000000d5700000,0x00000000d5700000,0x00000000d5780000)
 ParOldGen       total 764928K, used 763902K [0x0000000080000000, 0x00000000aeb00000, 0x00000000d5580000)
  object space 764928K, 99% used [0x0000000080000000,0x00000000ae9ffb00,0x00000000aeb00000)
 Metaspace       used 78196K, committed 80000K, reserved 1179648K
  class space    used 8327K, committed 9152K, reserved 1048576K
}
Event: 1183.161 GC heap after
{Heap after GC invocations=461 (full 3):
 PSYoungGen      total 1536K, used 224K [0x00000000d5580000, 0x00000000d5780000, 0x0000000100000000)
  eden space 1024K, 0% used [0x00000000d5580000,0x00000000d5580000,0x00000000d5680000)
  from space 512K, 43% used [0x00000000d5700000,0x00000000d5738000,0x00000000d5780000)
  to   space 512K, 0% used [0x00000000d5680000,0x00000000d5680000,0x00000000d5700000)
 ParOldGen       total 764928K, used 763950K [0x0000000080000000, 0x00000000aeb00000, 0x00000000d5580000)
  object space 764928K, 99% used [0x0000000080000000,0x00000000aea0bb00,0x00000000aeb00000)
 Metaspace       used 78196K, committed 80000K, reserved 1179648K
  class space    used 8327K, committed 9152K, reserved 1048576K
}
Event: 1183.388 GC heap before
{Heap before GC invocations=462 (full 3):
 PSYoungGen      total 1536K, used 1247K [0x00000000d5580000, 0x00000000d5780000, 0x0000000100000000)
  eden space 1024K, 99% used [0x00000000d5580000,0x00000000d567ffe8,0x00000000d5680000)
  from space 512K, 43% used [0x00000000d5700000,0x00000000d5738000,0x00000000d5780000)
  to   space 512K, 0% used [0x00000000d5680000,0x00000000d5680000,0x00000000d5700000)
 ParOldGen       total 764928K, used 763950K [0x0000000080000000, 0x00000000aeb00000, 0x00000000d5580000)
  object space 764928K, 99% used [0x0000000080000000,0x00000000aea0bb00,0x00000000aeb00000)
 Metaspace       used 78198K, committed 80000K, reserved 1179648K
  class space    used 8327K, committed 9152K, reserved 1048576K
}
Event: 1183.394 GC heap after
{Heap after GC invocations=462 (full 3):
 PSYoungGen      total 1536K, used 256K [0x00000000d5580000, 0x00000000d5780000, 0x0000000100000000)
  eden space 1024K, 0% used [0x00000000d5580000,0x00000000d5580000,0x00000000d5680000)
  from space 512K, 50% used [0x00000000d5680000,0x00000000d56c0000,0x00000000d5700000)
  to   space 512K, 0% used [0x00000000d5700000,0x00000000d5700000,0x00000000d5780000)
 ParOldGen       total 764928K, used 763998K [0x0000000080000000, 0x00000000aeb00000, 0x00000000d5580000)
  object space 764928K, 99% used [0x0000000080000000,0x00000000aea17b00,0x00000000aeb00000)
 Metaspace       used 78198K, committed 80000K, reserved 1179648K
  class space    used 8327K, committed 9152K, reserved 1048576K
}
Event: 1230.392 GC heap before
{Heap before GC invocations=463 (full 3):
 PSYoungGen      total 1536K, used 1279K [0x00000000d5580000, 0x00000000d5780000, 0x0000000100000000)
  eden space 1024K, 99% used [0x00000000d5580000,0x00000000d567ffd0,0x00000000d5680000)
  from space 512K, 50% used [0x00000000d5680000,0x00000000d56c0000,0x00000000d5700000)
  to   space 512K, 0% used [0x00000000d5700000,0x00000000d5700000,0x00000000d5780000)
 ParOldGen       total 764928K, used 763998K [0x0000000080000000, 0x00000000aeb00000, 0x00000000d5580000)
  object space 764928K, 99% used [0x0000000080000000,0x00000000aea17b00,0x00000000aeb00000)
 Metaspace       used 78205K, committed 80000K, reserved 1179648K
  class space    used 8327K, committed 9152K, reserved 1048576K
}
Event: 1230.578 GC heap after
{Heap after GC invocations=463 (full 3):
 PSYoungGen      total 1536K, used 224K [0x00000000d5580000, 0x00000000d5780000, 0x0000000100000000)
  eden space 1024K, 0% used [0x00000000d5580000,0x00000000d5580000,0x00000000d5680000)
  from space 512K, 43% used [0x00000000d5700000,0x00000000d5738000,0x00000000d5780000)
  to   space 512K, 0% used [0x00000000d5680000,0x00000000d5680000,0x00000000d5700000)
 ParOldGen       total 764928K, used 764062K [0x0000000080000000, 0x00000000aeb00000, 0x00000000d5580000)
  object space 764928K, 99% used [0x0000000080000000,0x00000000aea27b00,0x00000000aeb00000)
 Metaspace       used 78205K, committed 80000K, reserved 1179648K
  class space    used 8327K, committed 9152K, reserved 1048576K
}

