# JRE version: OpenJDK Runtime Environment Temurin-21.0.10+7 (21.0.10+7) (build 21.0.10+7-LTS)
# Java VM: OpenJDK 64-Bit Server VM Temurin-21.0.10+7 (21.0.10+7-LTS, mixed mode, sharing, tiered, compressed oops, compressed class ptrs, parallel gc, windows-amd64)
GC Precious Log:
 CardTable entry size: 512
 CPUs: 8 total, 8 available
 Memory: 3406M
 Large Page Support: Disabled
 NUMA Support: Disabled
 Compressed Oops: Enabled (32-bit)
 Alignments: Space 512K, Generation 512K, Heap 2M
 Heap Min Capacity: 100M
 Heap Initial Capacity: 100M
 Heap Max Capacity: 2G
 Pre-touch: Disabled
 Parallel Workers: 8
Heap:
 PSYoungGen      total 7168K, used 2356K [0x00000000d5580000, 0x00000000d5d00000, 0x0000000100000000)
  eden space 6144K, 34% used [0x00000000d5580000,0x00000000d5795158,0x00000000d5b80000)
  from space 1024K, 21% used [0x00000000d5b80000,0x00000000d5bb8000,0x00000000d5c80000)
  to   space 512K, 0% used [0x00000000d5c80000,0x00000000d5c80000,0x00000000d5d00000)
 ParOldGen       total 855040K, used 854543K [0x0000000080000000, 0x00000000b4300000, 0x00000000d5580000)
  object space 855040K, 99% used [0x0000000080000000,0x00000000b4283d08,0x00000000b4300000)
 Metaspace       used 81218K, committed 83136K, reserved 1179648K
  class space    used 8755K, committed 9664K, reserved 1048576K
GC Heap History (20 events):
Event: 599.654 GC heap before
{Heap before GC invocations=1083 (full 3):
 PSYoungGen      total 4608K, used 4608K [0x00000000d5580000, 0x00000000d6000000, 0x0000000100000000)
  eden space 2560K, 100% used [0x00000000d5580000,0x00000000d5800000,0x00000000d5800000)
  from space 2048K, 100% used [0x00000000d5880000,0x00000000d5a80000,0x00000000d5a80000)
  to   space 4096K, 0% used [0x00000000d5c00000,0x00000000d5c00000,0x00000000d6000000)
 ParOldGen       total 809472K, used 809127K [0x0000000080000000, 0x00000000b1680000, 0x00000000d5580000)
  object space 809472K, 99% used [0x0000000080000000,0x00000000b1629ef0,0x00000000b1680000)
 Metaspace       used 81011K, committed 82816K, reserved 1179648K
  class space    used 8738K, committed 9600K, reserved 1048576K
}
Event: 599.661 GC heap after
{Heap after GC invocations=1083 (full 3):
 PSYoungGen      total 6144K, used 2688K [0x00000000d5580000, 0x00000000d5f00000, 0x0000000100000000)
  eden space 3072K, 0% used [0x00000000d5580000,0x00000000d5580000,0x00000000d5880000)
  from space 3072K, 87% used [0x00000000d5c00000,0x00000000d5ea0000,0x00000000d5f00000)
  to   space 3072K, 0% used [0x00000000d5900000,0x00000000d5900000,0x00000000d5c00000)
 ParOldGen       total 811520K, used 811175K [0x0000000080000000, 0x00000000b1880000, 0x00000000d5580000)
  object space 811520K, 99% used [0x0000000080000000,0x00000000b1829ef0,0x00000000b1880000)
 Metaspace       used 81011K, committed 82816K, reserved 1179648K
  class space    used 8738K, committed 9600K, reserved 1048576K
}
Event: 599.678 GC heap before
{Heap before GC invocations=1084 (full 3):
 PSYoungGen      total 6144K, used 5760K [0x00000000d5580000, 0x00000000d5f00000, 0x0000000100000000)
  eden space 3072K, 100% used [0x00000000d5580000,0x00000000d5880000,0x00000000d5880000)
  from space 3072K, 87% used [0x00000000d5c00000,0x00000000d5ea0000,0x00000000d5f00000)
  to   space 3072K, 0% used [0x00000000d5900000,0x00000000d5900000,0x00000000d5c00000)
 ParOldGen       total 811520K, used 811175K [0x0000000080000000, 0x00000000b1880000, 0x00000000d5580000)
  object space 811520K, 99% used [0x0000000080000000,0x00000000b1829ef0,0x00000000b1880000)
 Metaspace       used 81011K, committed 82816K, reserved 1179648K
  class space    used 8738K, committed 9600K, reserved 1048576K
}
Event: 599.685 GC heap after
{Heap after GC invocations=1084 (full 3):
 PSYoungGen      total 6656K, used 3053K [0x00000000d5580000, 0x00000000d6580000, 0x0000000100000000)
  eden space 3584K, 0% used [0x00000000d5580000,0x00000000d5580000,0x00000000d5900000)
  from space 3072K, 99% used [0x00000000d5900000,0x00000000d5bfb590,0x00000000d5c00000)
  to   space 6144K, 0% used [0x00000000d5f80000,0x00000000d5f80000,0x00000000d6580000)
 ParOldGen       total 814080K, used 813751K [0x0000000080000000, 0x00000000b1b00000, 0x00000000d5580000)
  object space 814080K, 99% used [0x0000000080000000,0x00000000b1aadef0,0x00000000b1b00000)
 Metaspace       used 81011K, committed 82816K, reserved 1179648K
  class space    used 8738K, committed 9600K, reserved 1048576K
}
Event: 599.707 GC heap before
{Heap before GC invocations=1085 (full 3):
 PSYoungGen      total 6656K, used 6637K [0x00000000d5580000, 0x00000000d6580000, 0x0000000100000000)
  eden space 3584K, 100% used [0x00000000d5580000,0x00000000d5900000,0x00000000d5900000)
  from space 3072K, 99% used [0x00000000d5900000,0x00000000d5bfb590,0x00000000d5c00000)
  to   space 6144K, 0% used [0x00000000d5f80000,0x00000000d5f80000,0x00000000d6580000)
 ParOldGen       total 814080K, used 813751K [0x0000000080000000, 0x00000000b1b00000, 0x00000000d5580000)
  object space 814080K, 99% used [0x0000000080000000,0x00000000b1aadef0,0x00000000b1b00000)
 Metaspace       used 81012K, committed 82816K, reserved 1179648K
  class space    used 8738K, committed 9600K, reserved 1048576K
}
Event: 599.715 GC heap after
{Heap after GC invocations=1085 (full 3):
 PSYoungGen      total 8704K, used 3648K [0x00000000d5580000, 0x00000000d6380000, 0x0000000100000000)
  eden space 4608K, 0% used [0x00000000d5580000,0x00000000d5580000,0x00000000d5a00000)
  from space 4096K, 89% used [0x00000000d5f80000,0x00000000d6310000,0x00000000d6380000)
  to   space 4608K, 0% used [0x00000000d5a80000,0x00000000d5a80000,0x00000000d5f00000)
 ParOldGen       total 817152K, used 816749K [0x0000000080000000, 0x00000000b1e00000, 0x00000000d5580000)
  object space 817152K, 99% used [0x0000000080000000,0x00000000b1d9b480,0x00000000b1e00000)
 Metaspace       used 81012K, committed 82816K, reserved 1179648K
  class space    used 8738K, committed 9600K, reserved 1048576K
}
Event: 600.022 GC heap before
{Heap before GC invocations=1086 (full 3):
 PSYoungGen      total 8704K, used 8256K [0x00000000d5580000, 0x00000000d6380000, 0x0000000100000000)
  eden space 4608K, 100% used [0x00000000d5580000,0x00000000d5a00000,0x00000000d5a00000)
  from space 4096K, 89% used [0x00000000d5f80000,0x00000000d6310000,0x00000000d6380000)
  to   space 4608K, 0% used [0x00000000d5a80000,0x00000000d5a80000,0x00000000d5f00000)
 ParOldGen       total 817152K, used 816749K [0x0000000080000000, 0x00000000b1e00000, 0x00000000d5580000)
  object space 817152K, 99% used [0x0000000080000000,0x00000000b1d9b480,0x00000000b1e00000)
 Metaspace       used 81086K, committed 82880K, reserved 1179648K
  class space    used 8750K, committed 9600K, reserved 1048576K
}
Event: 600.031 GC heap after
{Heap after GC invocations=1086 (full 3):
 PSYoungGen      total 7168K, used 1568K [0x00000000d5580000, 0x00000000d6000000, 0x0000000100000000)
  eden space 5120K, 0% used [0x00000000d5580000,0x00000000d5580000,0x00000000d5a80000)
  from space 2048K, 76% used [0x00000000d5a80000,0x00000000d5c08000,0x00000000d5c80000)
  to   space 2560K, 0% used [0x00000000d5d80000,0x00000000d5d80000,0x00000000d6000000)
 ParOldGen       total 820736K, used 820365K [0x0000000080000000, 0x00000000b2180000, 0x00000000d5580000)
  object space 820736K, 99% used [0x0000000080000000,0x00000000b2123480,0x00000000b2180000)
 Metaspace       used 81086K, committed 82880K, reserved 1179648K
  class space    used 8750K, committed 9600K, reserved 1048576K
}
Event: 600.065 GC heap before
{Heap before GC invocations=1087 (full 3):
 PSYoungGen      total 7168K, used 6688K [0x00000000d5580000, 0x00000000d6000000, 0x0000000100000000)
  eden space 5120K, 100% used [0x00000000d5580000,0x00000000d5a80000,0x00000000d5a80000)
  from space 2048K, 76% used [0x00000000d5a80000,0x00000000d5c08000,0x00000000d5c80000)
  to   space 2560K, 0% used [0x00000000d5d80000,0x00000000d5d80000,0x00000000d6000000)
 ParOldGen       total 820736K, used 820365K [0x0000000080000000, 0x00000000b2180000, 0x00000000d5580000)
  object space 820736K, 99% used [0x0000000080000000,0x00000000b2123480,0x00000000b2180000)
 Metaspace       used 81114K, committed 82880K, reserved 1179648K
  class space    used 8752K, committed 9600K, reserved 1048576K
}
Event: 600.070 GC heap after
{Heap after GC invocations=1087 (full 3):
 PSYoungGen      total 7168K, used 762K [0x00000000d5580000, 0x00000000d5e80000, 0x0000000100000000)
  eden space 6144K, 0% used [0x00000000d5580000,0x00000000d5580000,0x00000000d5b80000)
  from space 1024K, 74% used [0x00000000d5d80000,0x00000000d5e3ea98,0x00000000d5e80000)
  to   space 1536K, 0% used [0x00000000d5b80000,0x00000000d5b80000,0x00000000d5d00000)
 ParOldGen       total 822272K, used 821829K [0x0000000080000000, 0x00000000b2300000, 0x00000000d5580000)
  object space 822272K, 99% used [0x0000000080000000,0x00000000b2291480,0x00000000b2300000)
 Metaspace       used 81114K, committed 82880K, reserved 1179648K
  class space    used 8752K, committed 9600K, reserved 1048576K
}
Event: 600.095 GC heap before
{Heap before GC invocations=1088 (full 3):
 PSYoungGen      total 7168K, used 6906K [0x00000000d5580000, 0x00000000d5e80000, 0x0000000100000000)
  eden space 6144K, 100% used [0x00000000d5580000,0x00000000d5b80000,0x00000000d5b80000)
  from space 1024K, 74% used [0x00000000d5d80000,0x00000000d5e3ea98,0x00000000d5e80000)
  to   space 1536K, 0% used [0x00000000d5b80000,0x00000000d5b80000,0x00000000d5d00000)
 ParOldGen       total 822272K, used 821829K [0x0000000080000000, 0x00000000b2300000, 0x00000000d5580000)
  object space 822272K, 99% used [0x0000000080000000,0x00000000b2291480,0x00000000b2300000)
 Metaspace       used 81114K, committed 82880K, reserved 1179648K
  class space    used 8752K, committed 9600K, reserved 1048576K
}
Event: 600.098 GC heap after
{Heap after GC invocations=1088 (full 3):
 PSYoungGen      total 7680K, used 960K [0x00000000d5580000, 0x00000000d5e00000, 0x0000000100000000)
  eden space 6144K, 0% used [0x00000000d5580000,0x00000000d5580000,0x00000000d5b80000)
  from space 1536K, 62% used [0x00000000d5b80000,0x00000000d5c70000,0x00000000d5d00000)
  to   space 1024K, 0% used [0x00000000d5d00000,0x00000000d5d00000,0x00000000d5e00000)
 ParOldGen       total 822272K, used 822029K [0x0000000080000000, 0x00000000b2300000, 0x00000000d5580000)
  object space 822272K, 99% used [0x0000000080000000,0x00000000b22c3480,0x00000000b2300000)
 Metaspace       used 81114K, committed 82880K, reserved 1179648K
  class space    used 8752K, committed 9600K, reserved 1048576K
}
Event: 600.160 GC heap before
{Heap before GC invocations=1089 (full 3):
 PSYoungGen      total 7680K, used 7104K [0x00000000d5580000, 0x00000000d5e00000, 0x0000000100000000)
  eden space 6144K, 100% used [0x00000000d5580000,0x00000000d5b80000,0x00000000d5b80000)
  from space 1536K, 62% used [0x00000000d5b80000,0x00000000d5c70000,0x00000000d5d00000)
  to   space 1024K, 0% used [0x00000000d5d00000,0x00000000d5d00000,0x00000000d5e00000)
 ParOldGen       total 830464K, used 829709K [0x0000000080000000, 0x00000000b2b00000, 0x00000000d5580000)
  object space 830464K, 99% used [0x0000000080000000,0x00000000b2a43490,0x00000000b2b00000)
 Metaspace       used 81120K, committed 82944K, reserved 1179648K
  class space    used 8752K, committed 9600K, reserved 1048576K
}
Event: 600.165 GC heap after
{Heap after GC invocations=1089 (full 3):
 PSYoungGen      total 7168K, used 624K [0x00000000d5580000, 0x00000000d5e00000, 0x0000000100000000)
  eden space 6144K, 0% used [0x00000000d5580000,0x00000000d5580000,0x00000000d5b80000)
  from space 1024K, 60% used [0x00000000d5d00000,0x00000000d5d9c010,0x00000000d5e00000)
  to   space 1024K, 0% used [0x00000000d5c00000,0x00000000d5c00000,0x00000000d5d00000)
 ParOldGen       total 830976K, used 830513K [0x0000000080000000, 0x00000000b2b80000, 0x00000000d5580000)
  object space 830976K, 99% used [0x0000000080000000,0x00000000b2b0c4a0,0x00000000b2b80000)
 Metaspace       used 81120K, committed 82944K, reserved 1179648K
  class space    used 8752K, committed 9600K, reserved 1048576K
}
Event: 600.430 GC heap before
{Heap before GC invocations=1090 (full 3):
 PSYoungGen      total 7168K, used 6768K [0x00000000d5580000, 0x00000000d5e00000, 0x0000000100000000)
  eden space 6144K, 100% used [0x00000000d5580000,0x00000000d5b80000,0x00000000d5b80000)
  from space 1024K, 60% used [0x00000000d5d00000,0x00000000d5d9c010,0x00000000d5e00000)
  to   space 1024K, 0% used [0x00000000d5c00000,0x00000000d5c00000,0x00000000d5d00000)
 ParOldGen       total 854528K, used 853553K [0x0000000080000000, 0x00000000b4280000, 0x00000000d5580000)
  object space 854528K, 99% used [0x0000000080000000,0x00000000b418c4c0,0x00000000b4280000)
 Metaspace       used 81169K, committed 83072K, reserved 1179648K
  class space    used 8755K, committed 9664K, reserved 1048576K
}
Event: 600.439 GC heap after
{Heap after GC invocations=1090 (full 3):
 PSYoungGen      total 6656K, used 416K [0x00000000d5580000, 0x00000000d5d80000, 0x0000000100000000)
  eden space 6144K, 0% used [0x00000000d5580000,0x00000000d5580000,0x00000000d5b80000)
  from space 512K, 81% used [0x00000000d5c00000,0x00000000d5c68000,0x00000000d5c80000)
  to   space 1024K, 0% used [0x00000000d5c80000,0x00000000d5c80000,0x00000000d5d80000)
 ParOldGen       total 854528K, used 853969K [0x0000000080000000, 0x00000000b4280000, 0x00000000d5580000)
  object space 854528K, 99% used [0x0000000080000000,0x00000000b41f44d0,0x00000000b4280000)
 Metaspace       used 81169K, committed 83072K, reserved 1179648K
  class space    used 8755K, committed 9664K, reserved 1048576K
}
Event: 617.587 GC heap before
{Heap before GC invocations=1091 (full 3):
 PSYoungGen      total 6656K, used 6560K [0x00000000d5580000, 0x00000000d5d80000, 0x0000000100000000)
  eden space 6144K, 100% used [0x00000000d5580000,0x00000000d5b80000,0x00000000d5b80000)
  from space 512K, 81% used [0x00000000d5c00000,0x00000000d5c68000,0x00000000d5c80000)
  to   space 1024K, 0% used [0x00000000d5c80000,0x00000000d5c80000,0x00000000d5d80000)
 ParOldGen       total 854528K, used 853969K [0x0000000080000000, 0x00000000b4280000, 0x00000000d5580000)
  object space 854528K, 99% used [0x0000000080000000,0x00000000b41f44d0,0x00000000b4280000)
 Metaspace       used 81190K, committed 83072K, reserved 1179648K
  class space    used 8755K, committed 9664K, reserved 1048576K
}
Event: 617.633 GC heap after
{Heap after GC invocations=1091 (full 3):
 PSYoungGen      total 7168K, used 525K [0x00000000d5580000, 0x00000000d5d80000, 0x0000000100000000)
  eden space 6144K, 0% used [0x00000000d5580000,0x00000000d5580000,0x00000000d5b80000)
  from space 1024K, 51% used [0x00000000d5c80000,0x00000000d5d037a8,0x00000000d5d80000)
  to   space 1024K, 0% used [0x00000000d5b80000,0x00000000d5b80000,0x00000000d5c80000)
 ParOldGen       total 854528K, used 854217K [0x0000000080000000, 0x00000000b4280000, 0x00000000d5580000)
  object space 854528K, 99% used [0x0000000080000000,0x00000000b42324f0,0x00000000b4280000)
 Metaspace       used 81190K, committed 83072K, reserved 1179648K
  class space    used 8755K, committed 9664K, reserved 1048576K
}
Event: 617.880 GC heap before
{Heap before GC invocations=1092 (full 3):
 PSYoungGen      total 7168K, used 6669K [0x00000000d5580000, 0x00000000d5d80000, 0x0000000100000000)
  eden space 6144K, 100% used [0x00000000d5580000,0x00000000d5b80000,0x00000000d5b80000)
  from space 1024K, 51% used [0x00000000d5c80000,0x00000000d5d037a8,0x00000000d5d80000)
  to   space 1024K, 0% used [0x00000000d5b80000,0x00000000d5b80000,0x00000000d5c80000)
 ParOldGen       total 854528K, used 854217K [0x0000000080000000, 0x00000000b4280000, 0x00000000d5580000)
  object space 854528K, 99% used [0x0000000080000000,0x00000000b42324f0,0x00000000b4280000)
 Metaspace       used 81190K, committed 83072K, reserved 1179648K
  class space    used 8755K, committed 9664K, reserved 1048576K
}
Event: 617.882 GC heap after
{Heap after GC invocations=1092 (full 3):
 PSYoungGen      total 7168K, used 224K [0x00000000d5580000, 0x00000000d5d00000, 0x0000000100000000)
  eden space 6144K, 0% used [0x00000000d5580000,0x00000000d5580000,0x00000000d5b80000)
  from space 1024K, 21% used [0x00000000d5b80000,0x00000000d5bb8000,0x00000000d5c80000)
  to   space 512K, 0% used [0x00000000d5c80000,0x00000000d5c80000,0x00000000d5d00000)
 ParOldGen       total 855040K, used 854543K [0x0000000080000000, 0x00000000b4300000, 0x00000000d5580000)
  object space 855040K, 99% used [0x0000000080000000,0x00000000b4283d08,0x00000000b4300000)
 Metaspace       used 81190K, committed 83072K, reserved 1179648K
  class space    used 8755K, committed 9664K, reserved 1048576K
}

