# JRE version: OpenJDK Runtime Environment Temurin-21.0.10+7 (21.0.10+7) (build 21.0.10+7-LTS)
# Java VM: OpenJDK 64-Bit Server VM Temurin-21.0.10+7 (21.0.10+7-LTS, mixed mode, sharing, tiered, compressed oops, compressed class ptrs, g1 gc, windows-amd64)
GC Precious Log:
 CardTable entry size: 512
 Card Set container configuration: InlinePtr #cards 5 size 8 Array Of Cards #cards 12 size 40 Howl #buckets 4 coarsen threshold 1843 Howl Bitmap #cards 512 size 80 coarsen threshold 460 Card regions per heap region 1 cards per card region 2048
 CPUs: 8 total, 8 available
 Memory: 3406M
 Large Page Support: Disabled
 NUMA Support: Disabled
 Compressed Oops: Enabled (32-bit)
 Heap Region Size: 1M
 Heap Min Capacity: 8M
 Heap Initial Capacity: 54M
 Heap Max Capacity: 852M
 Pre-touch: Disabled
 Parallel Workers: 8
 Concurrent Workers: 2
 Concurrent Refinement Workers: 8
 Periodic GC: Disabled
Heap:
 garbage-first heap   total 61440K, used 35225K [0x00000000cac00000, 0x0000000100000000)
  region size 1024K, 4 young (4096K), 3 survivors (3072K)
 Metaspace       used 77811K, committed 78912K, reserved 1179648K
  class space    used 10563K, committed 11008K, reserved 1048576K
GC Heap History (20 events):
Event: 6.491 GC heap before
{Heap before GC invocations=8 (full 0):
 garbage-first heap   total 48128K, used 27634K [0x00000000cac00000, 0x0000000100000000)
  region size 1024K, 13 young (13312K), 3 survivors (3072K)
 Metaspace       used 35373K, committed 35968K, reserved 1114112K
  class space    used 4523K, committed 4800K, reserved 1048576K
}
Event: 6.496 GC heap after
{Heap after GC invocations=9 (full 0):
 garbage-first heap   total 48128K, used 20154K [0x00000000cac00000, 0x0000000100000000)
  region size 1024K, 1 young (1024K), 1 survivors (1024K)
 Metaspace       used 35373K, committed 35968K, reserved 1114112K
  class space    used 4523K, committed 4800K, reserved 1048576K
}
Event: 7.554 GC heap before
{Heap before GC invocations=10 (full 0):
 garbage-first heap   total 48128K, used 40634K [0x00000000cac00000, 0x0000000100000000)
  region size 1024K, 21 young (21504K), 1 survivors (1024K)
 Metaspace       used 40485K, committed 41088K, reserved 1114112K
  class space    used 5492K, committed 5760K, reserved 1048576K
}
Event: 7.558 GC heap after
{Heap after GC invocations=11 (full 0):
 garbage-first heap   total 58368K, used 21605K [0x00000000cac00000, 0x0000000100000000)
  region size 1024K, 3 young (3072K), 3 survivors (3072K)
 Metaspace       used 40485K, committed 41088K, reserved 1114112K
  class space    used 5492K, committed 5760K, reserved 1048576K
}
Event: 9.064 GC heap before
{Heap before GC invocations=11 (full 0):
 garbage-first heap   total 58368K, used 49253K [0x00000000cac00000, 0x0000000100000000)
  region size 1024K, 30 young (30720K), 3 survivors (3072K)
 Metaspace       used 51147K, committed 51712K, reserved 1114112K
  class space    used 6886K, committed 7168K, reserved 1048576K
}
Event: 9.072 GC heap after
{Heap after GC invocations=12 (full 0):
 garbage-first heap   total 58368K, used 24350K [0x00000000cac00000, 0x0000000100000000)
  region size 1024K, 4 young (4096K), 4 survivors (4096K)
 Metaspace       used 51147K, committed 51712K, reserved 1114112K
  class space    used 6886K, committed 7168K, reserved 1048576K
}
Event: 9.743 GC heap before
{Heap before GC invocations=12 (full 0):
 garbage-first heap   total 58368K, used 48926K [0x00000000cac00000, 0x0000000100000000)
  region size 1024K, 29 young (29696K), 4 survivors (4096K)
 Metaspace       used 58875K, committed 59520K, reserved 1114112K
  class space    used 7953K, committed 8256K, reserved 1048576K
}
Event: 9.748 GC heap after
{Heap after GC invocations=13 (full 0):
 garbage-first heap   total 58368K, used 26042K [0x00000000cac00000, 0x0000000100000000)
  region size 1024K, 2 young (2048K), 2 survivors (2048K)
 Metaspace       used 58875K, committed 59520K, reserved 1114112K
  class space    used 7953K, committed 8256K, reserved 1048576K
}
Event: 9.780 GC heap before
{Heap before GC invocations=13 (full 0):
 garbage-first heap   total 58368K, used 27066K [0x00000000cac00000, 0x0000000100000000)
  region size 1024K, 4 young (4096K), 2 survivors (2048K)
 Metaspace       used 59539K, committed 60096K, reserved 1114112K
  class space    used 7988K, committed 8256K, reserved 1048576K
}
Event: 9.783 GC heap after
{Heap after GC invocations=14 (full 0):
 garbage-first heap   total 58368K, used 25985K [0x00000000cac00000, 0x0000000100000000)
  region size 1024K, 2 young (2048K), 2 survivors (2048K)
 Metaspace       used 59539K, committed 60096K, reserved 1114112K
  class space    used 7988K, committed 8256K, reserved 1048576K
}
Event: 10.433 GC heap before
{Heap before GC invocations=15 (full 0):
 garbage-first heap   total 58368K, used 51585K [0x00000000cac00000, 0x0000000100000000)
  region size 1024K, 27 young (27648K), 2 survivors (2048K)
 Metaspace       used 65619K, committed 66240K, reserved 1114112K
  class space    used 9028K, committed 9280K, reserved 1048576K
}
Event: 10.437 GC heap after
{Heap after GC invocations=16 (full 0):
 garbage-first heap   total 58368K, used 27609K [0x00000000cac00000, 0x0000000100000000)
  region size 1024K, 4 young (4096K), 4 survivors (4096K)
 Metaspace       used 65619K, committed 66240K, reserved 1114112K
  class space    used 9028K, committed 9280K, reserved 1048576K
}
Event: 11.147 GC heap before
{Heap before GC invocations=16 (full 0):
 garbage-first heap   total 58368K, used 51161K [0x00000000cac00000, 0x0000000100000000)
  region size 1024K, 27 young (27648K), 4 survivors (4096K)
 Metaspace       used 69669K, committed 70336K, reserved 1114112K
  class space    used 9633K, committed 9920K, reserved 1048576K
}
Event: 11.155 GC heap after
{Heap after GC invocations=17 (full 0):
 garbage-first heap   total 59392K, used 29837K [0x00000000cac00000, 0x0000000100000000)
  region size 1024K, 4 young (4096K), 4 survivors (4096K)
 Metaspace       used 69669K, committed 70336K, reserved 1114112K
  class space    used 9633K, committed 9920K, reserved 1048576K
}
Event: 214.571 GC heap before
{Heap before GC invocations=17 (full 0):
 garbage-first heap   total 59392K, used 51341K [0x00000000cac00000, 0x0000000100000000)
  region size 1024K, 26 young (26624K), 4 survivors (4096K)
 Metaspace       used 74547K, committed 75264K, reserved 1114112K
  class space    used 10228K, committed 10560K, reserved 1048576K
}
Event: 214.619 GC heap after
{Heap after GC invocations=18 (full 0):
 garbage-first heap   total 61440K, used 33860K [0x00000000cac00000, 0x0000000100000000)
  region size 1024K, 4 young (4096K), 4 survivors (4096K)
 Metaspace       used 74547K, committed 75264K, reserved 1114112K
  class space    used 10228K, committed 10560K, reserved 1048576K
}
Event: 1482.594 GC heap before
{Heap before GC invocations=18 (full 0):
 garbage-first heap   total 61440K, used 52292K [0x00000000cac00000, 0x0000000100000000)
  region size 1024K, 23 young (23552K), 4 survivors (4096K)
 Metaspace       used 77926K, committed 78720K, reserved 1179648K
  class space    used 10655K, committed 11008K, reserved 1048576K
}
Event: 1482.677 GC heap after
{Heap after GC invocations=19 (full 0):
 garbage-first heap   total 61440K, used 33876K [0x00000000cac00000, 0x0000000100000000)
  region size 1024K, 2 young (2048K), 2 survivors (2048K)
 Metaspace       used 77926K, committed 78720K, reserved 1179648K
  class space    used 10655K, committed 11008K, reserved 1048576K
}
Event: 62882.018 GC heap before
{Heap before GC invocations=20 (full 0):
 garbage-first heap   total 61440K, used 52308K [0x00000000cac00000, 0x0000000100000000)
  region size 1024K, 21 young (21504K), 2 survivors (2048K)
 Metaspace       used 77810K, committed 78912K, reserved 1179648K
  class space    used 10563K, committed 11008K, reserved 1048576K
}
Event: 62882.129 GC heap after
{Heap after GC invocations=21 (full 0):
 garbage-first heap   total 61440K, used 35225K [0x00000000cac00000, 0x0000000100000000)
  region size 1024K, 3 young (3072K), 3 survivors (3072K)
 Metaspace       used 77810K, committed 78912K, reserved 1179648K
  class space    used 10563K, committed 11008K, reserved 1048576K
}

