# JRE version: OpenJDK Runtime Environment Temurin-21.0.10+7 (21.0.10+7) (build 21.0.10+7-LTS)
# Java VM: OpenJDK 64-Bit Server VM Temurin-21.0.10+7 (21.0.10+7-LTS, mixed mode, sharing, tiered, compressed oops, compressed class ptrs, g1 gc, windows-amd64)
GC Precious Log:
 CardTable entry size: 512
 Card Set container configuration: InlinePtr #cards 5 size 8 Array Of Cards #cards 12 size 40 Howl #buckets 4 coarsen threshold 1843 Howl Bitmap #cards 512 size 80 coarsen threshold 460 Card regions per heap region 1 cards per card region 2048
 CPUs: 8 total, 8 available
 Memory: 3406M
 Large Page Support: Disabled
 NUMA Support: Disabled
 Compressed Oops: Enabled (32-bit)
 Heap Region Size: 1M
 Heap Min Capacity: 8M
 Heap Initial Capacity: 54M
 Heap Max Capacity: 852M
 Pre-touch: Disabled
 Parallel Workers: 8
 Concurrent Workers: 2
 Concurrent Refinement Workers: 8
 Periodic GC: Disabled
Heap:
 garbage-first heap   total 61440K, used 46433K [0x00000000cac00000, 0x0000000100000000)
  region size 1024K, 15 young (15360K), 2 survivors (2048K)
 Metaspace       used 77894K, committed 78848K, reserved 1179648K
  class space    used 10603K, committed 11008K, reserved 1048576K
GC Heap History (20 events):
Event: 4.744 GC heap before
{Heap before GC invocations=7 (full 0):
 garbage-first heap   total 48128K, used 38106K [0x00000000cac00000, 0x0000000100000000)
  region size 1024K, 23 young (23552K), 3 survivors (3072K)
 Metaspace       used 32736K, committed 33344K, reserved 1114112K
  class space    used 4203K, committed 4480K, reserved 1048576K
}
Event: 4.749 GC heap after
{Heap after GC invocations=8 (full 0):
 garbage-first heap   total 48128K, used 20021K [0x00000000cac00000, 0x0000000100000000)
  region size 1024K, 3 young (3072K), 3 survivors (3072K)
 Metaspace       used 32736K, committed 33344K, reserved 1114112K
  class space    used 4203K, committed 4480K, reserved 1048576K
}
Event: 5.141 GC heap before
{Heap before GC invocations=8 (full 0):
 garbage-first heap   total 48128K, used 30261K [0x00000000cac00000, 0x0000000100000000)
  region size 1024K, 14 young (14336K), 3 survivors (3072K)
 Metaspace       used 35559K, committed 36160K, reserved 1114112K
  class space    used 4550K, committed 4800K, reserved 1048576K
}
Event: 5.145 GC heap after
{Heap after GC invocations=9 (full 0):
 garbage-first heap   total 48128K, used 20820K [0x00000000cac00000, 0x0000000100000000)
  region size 1024K, 1 young (1024K), 1 survivors (1024K)
 Metaspace       used 35559K, committed 36160K, reserved 1114112K
  class space    used 4550K, committed 4800K, reserved 1048576K
}
Event: 5.761 GC heap before
{Heap before GC invocations=10 (full 0):
 garbage-first heap   total 48128K, used 40276K [0x00000000cac00000, 0x0000000100000000)
  region size 1024K, 20 young (20480K), 1 survivors (1024K)
 Metaspace       used 40409K, committed 41024K, reserved 1114112K
  class space    used 5473K, committed 5760K, reserved 1048576K
}
Event: 5.764 GC heap after
{Heap after GC invocations=11 (full 0):
 garbage-first heap   total 58368K, used 22179K [0x00000000cac00000, 0x0000000100000000)
  region size 1024K, 3 young (3072K), 3 survivors (3072K)
 Metaspace       used 40409K, committed 41024K, reserved 1114112K
  class space    used 5473K, committed 5760K, reserved 1048576K
}
Event: 6.936 GC heap before
{Heap before GC invocations=11 (full 0):
 garbage-first heap   total 58368K, used 47779K [0x00000000cac00000, 0x0000000100000000)
  region size 1024K, 29 young (29696K), 3 survivors (3072K)
 Metaspace       used 50904K, committed 51456K, reserved 1114112K
  class space    used 6842K, committed 7104K, reserved 1048576K
}
Event: 6.942 GC heap after
{Heap after GC invocations=12 (full 0):
 garbage-first heap   total 58368K, used 24763K [0x00000000cac00000, 0x0000000100000000)
  region size 1024K, 4 young (4096K), 4 survivors (4096K)
 Metaspace       used 50904K, committed 51456K, reserved 1114112K
  class space    used 6842K, committed 7104K, reserved 1048576K
}
Event: 7.461 GC heap before
{Heap before GC invocations=12 (full 0):
 garbage-first heap   total 58368K, used 48315K [0x00000000cac00000, 0x0000000100000000)
  region size 1024K, 28 young (28672K), 4 survivors (4096K)
 Metaspace       used 57348K, committed 57984K, reserved 1114112K
  class space    used 7613K, committed 7872K, reserved 1048576K
}
Event: 7.466 GC heap after
{Heap after GC invocations=13 (full 0):
 garbage-first heap   total 58368K, used 26616K [0x00000000cac00000, 0x0000000100000000)
  region size 1024K, 2 young (2048K), 2 survivors (2048K)
 Metaspace       used 57348K, committed 57984K, reserved 1114112K
  class space    used 7613K, committed 7872K, reserved 1048576K
}
Event: 7.618 GC heap before
{Heap before GC invocations=13 (full 0):
 garbage-first heap   total 58368K, used 29688K [0x00000000cac00000, 0x0000000100000000)
  region size 1024K, 7 young (7168K), 2 survivors (2048K)
 Metaspace       used 59850K, committed 60480K, reserved 1114112K
  class space    used 8026K, committed 8320K, reserved 1048576K
}
Event: 7.621 GC heap after
{Heap after GC invocations=14 (full 0):
 garbage-first heap   total 58368K, used 26555K [0x00000000cac00000, 0x0000000100000000)
  region size 1024K, 2 young (2048K), 2 survivors (2048K)
 Metaspace       used 59850K, committed 60480K, reserved 1114112K
  class space    used 8026K, committed 8320K, reserved 1048576K
}
Event: 8.610 GC heap before
{Heap before GC invocations=15 (full 0):
 garbage-first heap   total 58368K, used 50107K [0x00000000cac00000, 0x0000000100000000)
  region size 1024K, 26 young (26624K), 2 survivors (2048K)
 Metaspace       used 65541K, committed 66176K, reserved 1114112K
  class space    used 9019K, committed 9280K, reserved 1048576K
}
Event: 8.614 GC heap after
{Heap after GC invocations=16 (full 0):
 garbage-first heap   total 58368K, used 28250K [0x00000000cac00000, 0x0000000100000000)
  region size 1024K, 4 young (4096K), 4 survivors (4096K)
 Metaspace       used 65541K, committed 66176K, reserved 1114112K
  class space    used 9019K, committed 9280K, reserved 1048576K
}
Event: 9.356 GC heap before
{Heap before GC invocations=16 (full 0):
 garbage-first heap   total 58368K, used 51802K [0x00000000cac00000, 0x0000000100000000)
  region size 1024K, 27 young (27648K), 4 survivors (4096K)
 Metaspace       used 69637K, committed 70336K, reserved 1114112K
  class space    used 9624K, committed 9920K, reserved 1048576K
}
Event: 9.363 GC heap after
{Heap after GC invocations=17 (full 0):
 garbage-first heap   total 59392K, used 30197K [0x00000000cac00000, 0x0000000100000000)
  region size 1024K, 4 young (4096K), 4 survivors (4096K)
 Metaspace       used 69637K, committed 70336K, reserved 1114112K
  class space    used 9624K, committed 9920K, reserved 1048576K
}
Event: 160.208 GC heap before
{Heap before GC invocations=17 (full 0):
 garbage-first heap   total 59392K, used 51701K [0x00000000cac00000, 0x0000000100000000)
  region size 1024K, 26 young (26624K), 4 survivors (4096K)
 Metaspace       used 74485K, committed 75200K, reserved 1114112K
  class space    used 10220K, committed 10560K, reserved 1048576K
}
Event: 160.249 GC heap after
{Heap after GC invocations=18 (full 0):
 garbage-first heap   total 61440K, used 33950K [0x00000000cac00000, 0x0000000100000000)
  region size 1024K, 4 young (4096K), 4 survivors (4096K)
 Metaspace       used 74485K, committed 75200K, reserved 1114112K
  class space    used 10220K, committed 10560K, reserved 1048576K
}
Event: 1645.472 GC heap before
{Heap before GC invocations=18 (full 0):
 garbage-first heap   total 61440K, used 52382K [0x00000000cac00000, 0x0000000100000000)
  region size 1024K, 23 young (23552K), 4 survivors (4096K)
 Metaspace       used 77846K, committed 78656K, reserved 1179648K
  class space    used 10643K, committed 11008K, reserved 1048576K
}
Event: 1645.566 GC heap after
{Heap after GC invocations=19 (full 0):
 garbage-first heap   total 61440K, used 34145K [0x00000000cac00000, 0x0000000100000000)
  region size 1024K, 2 young (2048K), 2 survivors (2048K)
 Metaspace       used 77846K, committed 78656K, reserved 1179648K
  class space    used 10643K, committed 11008K, reserved 1048576K
}

